<?xml version="1.0" encoding="UTF-8"?>
<testsuite xmlns:xsi="http://www.w3.org/2001/XMLSchema-instance" xsi:noNamespaceSchemaLocation="https://maven.apache.org/surefire/maven-surefire-plugin/xsd/surefire-test-report-3.0.xsd" version="3.0" name="runner.TestRunner" time="199.419" tests="3" errors="0" skipped="0" failures="0">
  <properties>
[...]
</properties>
  <testcase name="Verify monthly payment with the diffrennt input values #1" classname="test paramenter refi monthly" time="95.943">
    <system-out><![CDATA[
@dataDriven_test
Scenario Outline: Verify monthly payment with the diffrennt input values           &amp#27;[90m# src/test/resources/Features/dataRefi.feature:14&amp#27;[0m
11:23:41.170 [main] &amp#27;[0mINFO  refiSteps_cucumber.Hooks - Launch Chrome Browser&amp#27;[m
11:24:16.510 [main] &amp#27;[0mINFO  refiSteps_cucumber.LoginAmazon - homepage&amp#27;[m
  &amp#27;[32mGiven &amp#27;[0m&amp#27;[32mmortgage calculator home page&amp#27;[0m                                              &amp#27;[90m# refiSteps_cucumber.DataParam.homePage()&amp#27;[0m
11:24:24.621 [main] &amp#27;[0mINFO  refiSteps_cucumber.LoginAmazon - select refiCalculator &amp#27;[m
  &amp#27;[32mWhen &amp#27;[0m&amp#27;[32mmousehover on Refinance and click RefiCalculator&amp#27;[0m                            &amp#27;[90m# refiSteps_cucumber.DataParam.mouseHoverToRefi()&amp#27;[0m
11:24:26.857 [main] &amp#27;[0mINFO  refiSteps_cucumber.LoginAmazon - all the data entered &amp#27;[m
  &amp#27;[32mAnd &amp#27;[0m&amp#27;[32menter input values "&amp#27;[0m&amp#27;[32m&amp#27;[1m500000&amp#27;[0m&amp#27;[32m", "&amp#27;[0m&amp#27;[32m&amp#27;[1m70000&amp#27;[0m&amp#27;[32m", "&amp#27;[0m&amp#27;[32m&amp#27;[1m25&amp#27;[0m&amp#27;[32m", "&amp#27;[0m&amp#27;[32m&amp#27;[1m5&amp#27;[0m&amp#27;[32m"and click on calculate button&amp#27;[0m &amp#27;[90m# refiSteps_cucumber.DataParam.dataSet(java.lang.String,java.lang.String,java.lang.String,java.lang.String)&amp#27;[0m
11:24:27.031 [main] &amp#27;[0mINFO  command_providers.ElementAssertions - validating that the expected locator By.xpath: //*[@id='analysisDiv']/table[3]//td[2][text()='$2,513.74']does exist&amp#27;[m
11:24:29.031 [main] &amp#27;[0mINFO  refiSteps_cucumber.LoginAmazon - price validate and homepage&amp#27;[m
  &amp#27;[32mThen &amp#27;[0m&amp#27;[32mvalidate the monthly payment "&amp#27;[0m&amp#27;[32m&amp#27;[1m$2,513.74&amp#27;[0m&amp#27;[32m" and return to homepage&amp#27;[0m             &amp#27;[90m# refiSteps_cucumber.DataParam.validateMonthlyPay(java.lang.String)&amp#27;[0m
11:24:31.971 [main] &amp#27;[0mINFO  refiSteps_cucumber.Hooks - Close Chrome Browser&amp#27;[m
]]></system-out>
    <system-err><![CDATA[SLF4J: Failed to load class "org.slf4j.impl.StaticLoggerBinder".
SLF4J: Defaulting to no-operation (NOP) logger implementation
SLF4J: See http://www.slf4j.org/codes.html#StaticLoggerBinder for further details.
Starting ChromeDriver 87.0.4280.88 (89e2380a3e36c3464b5dd1302349b1382549290d-refs/branch-heads/4280@{#1761}) on port 38105
Only local connections are allowed.
Please see https://chromedriver.chromium.org/security-considerations for suggestions on keeping ChromeDriver safe.
ChromeDriver was started successfully.
Dec 06, 2020 11:23:39 AM org.openqa.selenium.remote.ProtocolHandshake createSession
INFO: Detected dialect: W3C
Starting ChromeDriver 87.0.4280.88 (89e2380a3e36c3464b5dd1302349b1382549290d-refs/branch-heads/4280@{#1761}) on port 5087
Only local connections are allowed.
Please see https://chromedriver.chromium.org/security-considerations for suggestions on keeping ChromeDriver safe.
ChromeDriver was started successfully.
Dec 06, 2020 11:24:07 AM org.openqa.selenium.remote.ProtocolHandshake createSession
INFO: Detected dialect: W3C
]]></system-err>
  </testcase>
  <testcase name="Verify monthly payment with the diffrennt input values #2" classname="test paramenter refi monthly" time="55.411">
    <system-out><![CDATA[
@dataDriven_test
Scenario Outline: Verify monthly payment with the diffrennt input values           &amp#27;[90m# src/test/resources/Features/dataRefi.feature:15&amp#27;[0m
11:24:45.177 [main] &amp#27;[0mINFO  refiSteps_cucumber.Hooks - Launch Chrome Browser&amp#27;[m
11:25:13.076 [main] &amp#27;[0mINFO  refiSteps_cucumber.LoginAmazon - homepage&amp#27;[m
  &amp#27;[32mGiven &amp#27;[0m&amp#27;[32mmortgage calculator home page&amp#27;[0m                                              &amp#27;[90m# refiSteps_cucumber.DataParam.homePage()&amp#27;[0m
11:25:20.433 [main] &amp#27;[0mINFO  refiSteps_cucumber.LoginAmazon - select refiCalculator &amp#27;[m
  &amp#27;[32mWhen &amp#27;[0m&amp#27;[32mmousehover on Refinance and click RefiCalculator&amp#27;[0m                            &amp#27;[90m# refiSteps_cucumber.DataParam.mouseHoverToRefi()&amp#27;[0m
11:25:22.633 [main] &amp#27;[0mINFO  refiSteps_cucumber.LoginAmazon - all the data entered &amp#27;[m
  &amp#27;[32mAnd &amp#27;[0m&amp#27;[32menter input values "&amp#27;[0m&amp#27;[32m&amp#27;[1m300000&amp#27;[0m&amp#27;[32m", "&amp#27;[0m&amp#27;[32m&amp#27;[1m30000&amp#27;[0m&amp#27;[32m", "&amp#27;[0m&amp#27;[32m&amp#27;[1m40&amp#27;[0m&amp#27;[32m", "&amp#27;[0m&amp#27;[32m&amp#27;[1m6&amp#27;[0m&amp#27;[32m"and click on calculate button&amp#27;[0m &amp#27;[90m# refiSteps_cucumber.DataParam.dataSet(java.lang.String,java.lang.String,java.lang.String,java.lang.String)&amp#27;[0m
11:25:22.798 [main] &amp#27;[0mINFO  command_providers.ElementAssertions - validating that the expected locator By.xpath: //*[@id='analysisDiv']/table[3]//td[2][text()='$1,485.58']does exist&amp#27;[m
11:25:24.264 [main] &amp#27;[0mINFO  refiSteps_cucumber.LoginAmazon - price validate and homepage&amp#27;[m
  &amp#27;[32mThen &amp#27;[0m&amp#27;[32mvalidate the monthly payment "&amp#27;[0m&amp#27;[32m&amp#27;[1m$1,485.58&amp#27;[0m&amp#27;[32m" and return to homepage&amp#27;[0m             &amp#27;[90m# refiSteps_cucumber.DataParam.validateMonthlyPay(java.lang.String)&amp#27;[0m
11:25:27.379 [main] &amp#27;[0mINFO  refiSteps_cucumber.Hooks - Close Chrome Browser&amp#27;[m
]]></system-out>
    <system-err><![CDATA[Starting ChromeDriver 87.0.4280.88 (89e2380a3e36c3464b5dd1302349b1382549290d-refs/branch-heads/4280@{#1761}) on port 8945
Only local connections are allowed.
Please see https://chromedriver.chromium.org/security-considerations for suggestions on keeping ChromeDriver safe.
ChromeDriver was started successfully.
Dec 06, 2020 11:24:45 AM org.openqa.selenium.remote.ProtocolHandshake createSession
INFO: Detected dialect: W3C
Starting ChromeDriver 87.0.4280.88 (89e2380a3e36c3464b5dd1302349b1382549290d-refs/branch-heads/4280@{#1761}) on port 2497
Only local connections are allowed.
Please see https://chromedriver.chromium.org/security-considerations for suggestions on keeping ChromeDriver safe.
ChromeDriver was started successfully.
Dec 06, 2020 11:25:05 AM org.openqa.selenium.remote.ProtocolHandshake createSession
INFO: Detected dialect: W3C
]]></system-err>
  </testcase>
  <testcase name="check login is successful with multiple credentials" classname="Test login functionalies" time="45.338">
    <system-out><![CDATA[
@dataDriven_test
Scenario Outline: check login is successful with multiple credentials                                      &amp#27;[90m# src/test/resources/Features/login.feature:26&amp#27;[0m
11:25:36.155 [main] &amp#27;[0mINFO  refiSteps_cucumber.Hooks - Launch Chrome Browser&amp#27;[m
11:25:42.996 [main] &amp#27;[0mINFO  refiSteps_cucumber.LoginAmazon - login page&amp#27;[m
  &amp#27;[32mGiven &amp#27;[0m&amp#27;[32ma user is on the login page&amp#27;[0m                                                                        &amp#27;[90m# refiSteps_cucumber.LoginAmazon.loginPage()&amp#27;[0m
11:25:50.594 [main] &amp#27;[0mINFO  refiSteps_cucumber.LoginAmazon - credentials entered&amp#27;[m
  &amp#27;[32mWhen &amp#27;[0m&amp#27;[32muser enter email "&amp#27;[0m&amp#27;[32m&amp#27;[1mrayanmondo@gmail.com&amp#27;[0m&amp#27;[32m" and click on continue button and enter password "&amp#27;[0m&amp#27;[32m&amp#27;[1mTaskani12&amp#27;[0m&amp#27;[32m"&amp#27;[0m &amp#27;[90m# refiSteps_cucumber.LoginAmazon.emailAndContinue(java.lang.String,java.lang.String)&amp#27;[0m
11:25:50.669 [main] &amp#27;[0mINFO  refiSteps_cucumber.LoginAmazon - CLICK ON LOGIN BUTTON&amp#27;[m
  &amp#27;[32mAnd &amp#27;[0m&amp#27;[32muser click on Sign-in button&amp#27;[0m                                                                         &amp#27;[90m# refiSteps_cucumber.LoginAmazon.Singin()&amp#27;[0m
11:26:11.090 [main] &amp#27;[0mINFO  refiSteps_cucumber.LoginAmazon - User navigated to home page&amp#27;[m
  &amp#27;[32mThen &amp#27;[0m&amp#27;[32muser is navigated to home page&amp#27;[0m                                                                      &amp#27;[90m# refiSteps_cucumber.LoginAmazon.homePage()&amp#27;[0m
11:26:12.726 [main] &amp#27;[0mINFO  refiSteps_cucumber.Hooks - Close Chrome Browser&amp#27;[m
]]></system-out>
    <system-err><![CDATA[Starting ChromeDriver 87.0.4280.88 (89e2380a3e36c3464b5dd1302349b1382549290d-refs/branch-heads/4280@{#1761}) on port 27834
Only local connections are allowed.
Please see https://chromedriver.chromium.org/security-considerations for suggestions on keeping ChromeDriver safe.
ChromeDriver was started successfully.
Dec 06, 2020 11:25:36 AM org.openqa.selenium.remote.ProtocolHandshake createSession
INFO: Detected dialect: W3C
Starting ChromeDriver 87.0.4280.88 (89e2380a3e36c3464b5dd1302349b1382549290d-refs/branch-heads/4280@{#1761}) on port 29581
Only local connections are allowed.
Please see https://chromedriver.chromium.org/security-considerations for suggestions on keeping ChromeDriver safe.
ChromeDriver was started successfully.
Dec 06, 2020 11:25:38 AM org.openqa.selenium.remote.ProtocolHandshake createSession
INFO: Detected dialect: W3C
]]></system-err>
  </testcase>
</testsuite>