<?xml version="1.0" encoding="UTF-8"?>
<testng-results ignored="0" total="0" passed="0" failed="0" skipped="0">
  <reporter-output>
  </reporter-output>
  <suite started-at="2020-12-06T11:02:40 EST" name="runner.TestRunner" finished-at="2020-12-06T11:02:40 EST" duration-ms="10">
    <groups>
    </groups>
    <test started-at="2020-12-06T11:02:40 EST" name="Command line test" finished-at="2020-12-06T11:02:40 EST" duration-ms="10">
    </test> <!-- Command line test -->
  </suite> <!-- runner.TestRunner -->
</testng-results>
